[dotenv@17.3.1] injecting env (0) from .env -- tip: 🤖 agentic secret storage: https://dotenvx.com/as2
(node:13495) [MODULE_TYPELESS_PACKAGE_JSON] Warning: Module type of file:///Users/christiaanwillemdewet/Library/Mobile%20Documents/com%7Eapple%7ECloudDocs/Downloads/new%20app/sovereign-v2/server/ws.ts is not specified and it doesn't parse as CommonJS.
Reparsing as ES module because module syntax was detected. This incurs a performance overhead.
To eliminate this warning, add "type": "module" to /Users/christiaanwillemdewet/Library/Mobile Documents/com~apple~CloudDocs/Downloads/new app/sovereign-v2/package.json.
(Use `node --trace-warnings ...` to show where the warning was created)
[UMBRA Backend] WebSocket Server executing on http://localhost:3011
[UMBRA God-Brain] Node Connected: Ves1PO1_Pz0Ta7VuAAAB
[Apex Terminal] Command Received: Scrape 50 B2B leads in London for Meta Ads
[GOD-BRAIN] Response: {
  status: 'protocol_engaged',
  message: 'Failed to reach n8n, simulated execution.'
}
[UMBRA God-Brain] Node Connected: x3kvBQLYF5ezcAlOAAAD
[UMBRA God-Brain] Node Disconnected: Ves1PO1_Pz0Ta7VuAAAB
[UMBRA God-Brain] Node Connected: 5RurJ6BRePcrRXbeAAAG
[Apex Terminal] Command Received: Scrape 50 B2B leads in London for Meta Ads
[GOD-BRAIN] Response: {
  status: 'protocol_engaged',
  message: 'Failed to reach n8n, simulated execution.'
}
[UMBRA God-Brain] Node Disconnected: 5RurJ6BRePcrRXbeAAAG
[UMBRA God-Brain] Node Disconnected: x3kvBQLYF5ezcAlOAAAD
[UMBRA God-Brain] Node Connected: ZAv2GQfT8VSFDgONAAAJ
[UMBRA God-Brain] Node Connected: U6lWr497N1VPV7HQAAAK
[UMBRA God-Brain] Node Disconnected: ZAv2GQfT8VSFDgONAAAJ
[UMBRA God-Brain] Node Connected: SYKdNeXtHxR3712MAAAM
[UMBRA God-Brain] Node Disconnected: U6lWr497N1VPV7HQAAAK
[UMBRA God-Brain] Node Disconnected: SYKdNeXtHxR3712MAAAM
[UMBRA God-Brain] Node Connected: m-bQKeUYkttOS9Q-AAAP
[UMBRA God-Brain] Node Disconnected: m-bQKeUYkttOS9Q-AAAP
[UMBRA God-Brain] Node Connected: tC0hAmnjfPPYGY9hAAAS
[UMBRA God-Brain] Node Disconnected: tC0hAmnjfPPYGY9hAAAS
[UMBRA God-Brain] Node Connected: DY-mQXRZhWmFyeCHAAAV
[UMBRA God-Brain] Node Disconnected: DY-mQXRZhWmFyeCHAAAV
[UMBRA God-Brain] Node Connected: d-wY1-nFxjThM8v7AAAY
[UMBRA God-Brain] Node Disconnected: d-wY1-nFxjThM8v7AAAY
[UMBRA God-Brain] Node Connected: 7MYXNvv-57AdIUZBAAAb
[Apex Terminal] Command Received: what can this do 
[GOD-BRAIN] Response: {
  status: 'protocol_engaged',
  message: 'Failed to reach n8n, simulated execution.'
}
[UMBRA God-Brain] Node Disconnected: 7MYXNvv-57AdIUZBAAAb
[UMBRA God-Brain] Node Connected: yeGqdROo1ihaNnoUAAAe
[UMBRA God-Brain] Node Disconnected: yeGqdROo1ihaNnoUAAAe
[UMBRA God-Brain] Node Connected: 1R-hy9fiSW7uVfNbAAAg
[UMBRA God-Brain] Node Connected: 3crMZLvpsU2BSf9nAAAi
[UMBRA God-Brain] Node Disconnected: 1R-hy9fiSW7uVfNbAAAg
[UMBRA God-Brain] Node Disconnected: 3crMZLvpsU2BSf9nAAAi
[UMBRA God-Brain] Node Connected: -tFGfBTg9kx6RPmKAAAn
[UMBRA God-Brain] Node Connected: GNSn17WKxqjraXUvAAAo
[UMBRA God-Brain] Node Disconnected: GNSn17WKxqjraXUvAAAo
[UMBRA God-Brain] Node Disconnected: -tFGfBTg9kx6RPmKAAAn
[UMBRA God-Brain] Node Connected: fRgLKR8bBfhG7LVYAAAx
[UMBRA God-Brain] Node Connected: X52ggIS9Gk-Mw9kpAAAy
[UMBRA God-Brain] Node Disconnected: X52ggIS9Gk-Mw9kpAAAy
[UMBRA God-Brain] Node Disconnected: fRgLKR8bBfhG7LVYAAAx
